This is pdfTeX, Version 3.14159265-2.6-1.40.18 (MiKTeX 2.9.6500 64-bit) (preloaded format=pdfcsplain 2018.2.5)  9 FEB 2018 20:49
entering extended mode
 encTeX v. Jun. 2004, reencoding enabled
**./minimal.tex
(minimal.tex The format: csplain <Apr. 2016>.
The cs-fonts are preloaded and A4 size implicitly defined.
The utf8->iso8859-2 re-encoding of Czech+Slovak alphabet activated by encTeX
(ctustyle.tex
CTUstyle: Thesis at Czech Technical University in Prague, <beta(8) Aug.2017>
\testinput=\read0

("C:\Program Files\MiKTeX 2.9\tex\csplain\opmac\opmac.tex"
This is OPmac (Olsak's Plain macros), version <Jun. 2017>
\tmpnum=\count28
\tmpdim=\dimen16
\iindent=\dimen17
\ttindent=\dimen18
\colsep=\dimen19
\mnoteindent=\dimen20
\mnotesize=\dimen21
\ptunit=\dimen22
\fontdim=\dimen23
("C:\Program Files\MiKTeX 2.9\tex\csplain\fonts\ams-math.tex"
FONT: AMS math fonts - \mathchardef's prepared, 12 math families preloaded.
\ptmunit=\dimen24
)
The \^, \`, \', \v, \" and \r expands to characters by ISO-8859-2.
\reffile=\write0
\testin=\read1
\chapnum=\count29
\secnum=\count30
\seccnum=\count31
\nonumnum=\count32
\remskipamount=\skip18
\tnum=\count33
\fnum=\count34
\dnum=\count35
\itemnum=\count36
\mullines=\count37
\oulnum=\count38
\ttline=\count39
\viline=\count40
\vifile=\read2
\tabdata=\toks12
\colnum=\count41
\drulewidth=\dimen25
\picwidth=\dimen26
\picheight=\dimen27
\fnotenum=\count42
\fnotenumlocal=\count43
\mnotenum=\count44
\mnoteskip=\dimen28
\auxfile=\write1
\bibnum=\count45
\bibmark=\toks13
\lastcitenum=\count46
\lastpage=\count47
\pgwidth=\dimen29
\pgheight=\dimen30
\shiftoffset=\dimen31
 (minimal.ref)
\openout0 = `minimal.ref'.

)
\faculty=\toks14
\department=\toks15
\title=\toks16
\subtitle=\toks17
\author=\toks18
\supervisor=\toks19
\date=\toks20
\studyinfo=\toks21
\authorinfo=\toks22
\workinfo=\toks23
\workname=\toks24
\pagetwo=\toks25
\titleEN=\toks26
\titleCZ=\toks27
\titleSK=\toks28
\subtitleEN=\toks29
\subtitleCZ=\toks30
\subtitleSK=\toks31
\abstractEN=\toks32
\abstractCZ=\toks33
\abstractSK=\toks34
\keywordsEN=\toks35
\keywordsCZ=\toks36
\keywordsSK=\toks37
\thanks=\toks38
\declaration=\toks39
\specification=\toks40
 ("C:\Program Files\MiKTeX 2.9\tex\csplain\fonts\lmfonts.tex"
("C:\Program Files\MiKTeX 2.9\tex\csplain\fonts\ff-mac.tex")
FONT: Latin Modern - {\caps \sans \ttset \slant \nbold \ttprop \ttlight \ttcond
 \quotset \upital \dunhill } {\rm \bf \it \bi } +AMS
("C:\Program Files\MiKTeX 2.9\tex\csplain\fonts\chars-8z.tex"))
\leftbox=\box16
\rightbox=\box17
\frontht=\dimen32
\tocbox=\box18
\tofbox=\box19
\totbox=\box20
\appnum=\count48
\numA=\count49
\numB=\count50
\numC=\count51
\numD=\count52
\numE=\count53
\maxglosindent=\dimen33
\rfcnum=\count54
)
cs hyphenation used (\language=5). \frenchspacing is set on. [-1{C:/Users/Marti
n/AppData/Local/MiKTeX/2.9/pdftex/config/pdftex.map} <./ctulogo.pdf>] [-2]
[-3]
Underfull \vbox (badness 10000) detected at line 14

\vbox(625.96062+0.0)x190.63347, glue set 30.69803
.\glue(\splittopskip) 4.42238 plus 20.0
.\hbox(7.57762+0.0)x190.63347, glue set 90.20395fil
..\hbox(0.0+0.0)x11.66563
..\tenrm T
..\kern-0.91667
..\tenrm e
..\tenrm s
..\tenrm t
..\glue 3.66666 plus 1.83333 minus 1.22221
..\tenrm a
..\tenrm b
..\tenrm s
..\tenrm t
..\tenrm r
..\tenrm a
..\tenrm k
..\tenrm t
..\tenrm u
..\glue 3.66666 plus 1.83333 minus 1.22221
..\tenrm C
..\tenrm Z
..\penalty 10000
..\glue(\parfillskip) 0.0 plus 1.0fil
..\glue(\rightskip) 0.0

[-4] [-5] [-6] (uvod.tex [1]) [2] (bibliografie.bbl) [3] ){C:/Program Files/MiK
TeX 2.9/fonts/enc/dvips/lm/lm-cstt.enc}{C:/Program Files/MiKTeX 2.9/fonts/enc/d
vips/lm/lm-cs.enc}<C:/Program Files/MiKTeX 2.9/fonts/type1/public/lm/lmr10.pfb>
<C:/Program Files/MiKTeX 2.9/fonts/type1/public/lm/lmr8.pfb><C:/Program Files/M
iKTeX 2.9/fonts/type1/public/lm/lmri10.pfb><C:/Program Files/MiKTeX 2.9/fonts/t
ype1/public/lm/lmss10.pfb><C:/Program Files/MiKTeX 2.9/fonts/type1/public/lm/lm
ssbx10.pfb><C:/Program Files/MiKTeX 2.9/fonts/type1/public/lm/lmsso10.pfb><C:/P
rogram Files/MiKTeX 2.9/fonts/type1/public/lm/lmtt10.pfb>
Output written on minimal.pdf (9 pages, 234083 bytes).
PDF statistics:
 150 PDF objects out of 1000 (max. 8388607)
 24 named destinations out of 1000 (max. 500000)
 94 words of extra memory for PDF output out of 10000 (max. 10000000)

