This is pdfTeX, Version 3.14159265-2.6-1.40.18 (MiKTeX 2.9.6500 64-bit) (preloaded format=pdfcsplain 2018.2.5)  10 FEB 2018 22:04
entering extended mode
 encTeX v. Jun. 2004, reencoding enabled
**./pravidla.tex
(pravidla.tex The format: csplain <Apr. 2016>.
The cs-fonts are preloaded and A4 size implicitly defined.
The utf8->iso8859-2 re-encoding of Czech+Slovak alphabet activated by encTeX
! Missing $ inserted.
<inserted text> 
                $
<to be read again> 
                   \mathop 
\sec ->\mathop 
               {\rm sec}\nolimits 
l.1 \sec
         Pravidla kategorie RES
I've inserted a begin-math/end-math symbol since I think
you left one out. Proceed, with fingers crossed.

! Undefined control sequence.
l.2 \rfc
         {p≈ôidat citace na pravidla}
The control sequence at the end of the top line
of your error message was never \def'ed. If you have
misspelled it (e.g., `\hobx'), type `I' and the correct
spelling (e.g., `I\hbox'). Otherwise just continue,
and I'll forget about whatever was undefined.

! Missing $ inserted.
<inserted text> 
                $
<to be read again> 
                   \par 
l.4 
    
I've inserted a begin-math/end-math symbol since I think
you left one out. Proceed, with fingers crossed.


Overfull \hbox (776.73517pt too wide) in paragraph at lines 1--4
[]$[] \teni PravidlakategorieRES[]KategorieF\tenrm 3\teni B \tensy ^^@ \teni RE
S\tenrm (\teni pop\tenrm ≈ô\teni :F\tenrm 3\teni RES\tenrm )\teni jesout\tenrm 
ƒõ≈æ\teni n\tenrm √≠\teni t\tenrm ≈ô√≠\teni daradiem\tenrm ≈ô√≠\teni zen\tenrm 
√Ω\teni chmodel\tenrm ≈Ø\teni v\tenrm ƒõ\teni tro\tenrm ≈à≈Ø\teni smaxim\tenrm 
√°\teni ln\tenrm √≠\teni mrozp\tenrm ƒõ\teni t\tenrm √≠\teni m\tenrm 2\teni met
ryap\tenrm ≈ô\teni eva\tenrm ≈æ\teni uj\tenrm √≠\teni c\tenrm √≠\teni d\tenrm ≈
ô\teni ev\tenrm ƒõ\teni noukonstrukc\tenrm √≠\teni :Odovl\tenrm √°\teni dan\ten
rm √Ω\teni chfunkc\tenrm √≠\teni jeodvozenn\tenrm √°\teni zevcel\tenrm √©\teni 
kategorie:Rudder; Elevator; Spoiler \tensy ^^@|

\hbox(7.5+2.5)x452.96786, glue set - 1.0
.\hbox(0.0+0.0)x20.0
.\mathon
.\hbox(4.30554+0.0)x12.83333
..\tenrm s
..\tenrm e
..\tenrm c
.\glue(\thinmuskip) 1.66663
.\teni P
.etc.


Overfull \hbox (104.2492pt too wide) in paragraph at lines 1--4
\teni Sm\tenrm ƒõ\teni rovka; V\tenrm √Ω≈°\teni kovka; Spoiler:Modeljedovzduchu
vysl\tenrm √°\teni npomoc\tenrm √≠\teni gumicuku:Vsout\tenrm ƒõ≈æ\teni isehodno
t\tenrm √≠ƒç\teni asov\tenrm √°\teni d\tenrm √©\teni lkaletuap\tenrm ≈ô\teni es
nostp\tenrm ≈ô\teni ist\tenrm √°\teni n\tenrm √≠\teni :$ |

\hbox(6.94444+1.94444)x452.96786
.\teni S
.\kern0.57637
.\teni m
.\tenrm ƒõ
.\teni r
.etc.

! Undefined control sequence.
l.6 \rfc
         {lze spoiler nazvat ru≈°iƒç vztlaku? Nebo l√©pe brzda? Brzd√≠c√≠ kl...
The control sequence at the end of the top line
of your error message was never \def'ed. If you have
misspelled it (e.g., `\hobx'), type `I' and the correct
spelling (e.g., `I\hbox'). Otherwise just continue,
and I'll forget about whatever was undefined.

! Undefined control sequence.
l.7 \rfc
         {Hod√≠ se n√°zev gumicuk do Bakal√°≈ôsk√© pr√°ce? Nebo sp√≠≈° guma ...
The control sequence at the end of the top line
of your error message was never \def'ed. If you have
misspelled it (e.g., `\hobx'), type `I' and the correct
spelling (e.g., `I\hbox'). Otherwise just continue,
and I'll forget about whatever was undefined.

! Undefined control sequence.
l.10 \secc
           Pr≈Øbƒõh soutƒõ≈æe
The control sequence at the end of the top line
of your error message was never \def'ed. If you have
misspelled it (e.g., `\hobx'), type `I' and the correct
spelling (e.g., `I\hbox'). Otherwise just continue,
and I'll forget about whatever was undefined.

! Undefined control sequence.
l.15 \secc
           Pr≈Øbƒõh p≈ôedkol a fin√°ln√≠ch kol
The control sequence at the end of the top line
of your error message was never \def'ed. If you have
misspelled it (e.g., `\hobx'), type `I' and the correct
spelling (e.g., `I\hbox'). Otherwise just continue,
and I'll forget about whatever was undefined.

! Undefined control sequence.
l.24 \secc
           Bodov√°n√≠
The control sequence at the end of the top line
of your error message was never \def'ed. If you have
misspelled it (e.g., `\hobx'), type `I' and the correct
spelling (e.g., `I\hbox'). Otherwise just continue,
and I'll forget about whatever was undefined.

! Undefined control sequence.
l.32 \rfc
          {je p≈ôepoƒç√≠t√°v√°n√≠ srozumiteln√©? Nebo je lep≈°√≠ ho zcela vy...
The control sequence at the end of the top line
of your error message was never \def'ed. If you have
misspelled it (e.g., `\hobx'), type `I' and the correct
spelling (e.g., `I\hbox'). Otherwise just continue,
and I'll forget about whatever was undefined.

! Undefined control sequence.
l.35 \secc
           Po≈æadavky na letadlo
The control sequence at the end of the top line
of your error message was never \def'ed. If you have
misspelled it (e.g., `\hobx'), type `I' and the correct
spelling (e.g., `I\hbox'). Otherwise just continue,
and I'll forget about whatever was undefined.

! Undefined control sequence.
l.42 \begitems
              
The control sequence at the end of the top line
of your error message was never \def'ed. If you have
misspelled it (e.g., `\hobx'), type `I' and the correct
spelling (e.g., `I\hbox'). Otherwise just continue,
and I'll forget about whatever was undefined.

! Undefined control sequence.
l.46 \enditems
              
The control sequence at the end of the top line
of your error message was never \def'ed. If you have
misspelled it (e.g., `\hobx'), type `I' and the correct
spelling (e.g., `I\hbox'). Otherwise just continue,
and I'll forget about whatever was undefined.

! Undefined control sequence.
l.47 \rfc
          {posledn√≠ dvƒõ odr√°≈æky chyb√≠ v pravidlech z 1.1.2017}
The control sequence at the end of the top line
of your error message was never \def'ed. If you have
misspelled it (e.g., `\hobx'), type `I' and the correct
spelling (e.g., `I\hbox'). Otherwise just continue,
and I'll forget about whatever was undefined.

! Undefined control sequence.
l.62 \rfc
          {Ocitovat jednotliv√° pravidla - cel√° p≈ôilo≈æit do p≈ô√≠lohy}
The control sequence at the end of the top line
of your error message was never \def'ed. If you have
misspelled it (e.g., `\hobx'), type `I' and the correct
spelling (e.g., `I\hbox'). Otherwise just continue,
and I'll forget about whatever was undefined.

)
! Emergency stop.
<*> ./pravidla.tex
                  
*** (job aborted, no legal \end found)

!  ==> Fatal error occurred, no output PDF file produced!
