This is pdfTeX, Version 3.14159265-2.6-1.40.18 (MiKTeX 2.9.6500 64-bit) (preloaded format=pdfcsplain 2018.2.5)  9 FEB 2018 19:39
entering extended mode
 encTeX v. Jun. 2004, reencoding enabled
**./uvod.tex
(uvod.tex The format: csplain <Apr. 2016>.
The cs-fonts are preloaded and A4 size implicitly defined.
The utf8->iso8859-2 re-encoding of Czech+Slovak alphabet activated by encTeX
! Undefined control sequence.
l.1 \chap
          √övod
The control sequence at the end of the top line
of your error message was never \def'ed. If you have
misspelled it (e.g., `\hobx'), type `I' and the correct
spelling (e.g., `I\hbox'). Otherwise just continue,
and I'll forget about whatever was undefined.

! Missing $ inserted.
<inserted text> 
                $
<to be read again> 
                   \mathop 
\sec ->\mathop 
               {\rm sec}\nolimits 
l.2 \sec
         Modely kategorie RES
I've inserted a begin-math/end-math symbol since I think
you left one out. Proceed, with fingers crossed.

! Undefined control sequence.
l.3 \secc
          RESolution
The control sequence at the end of the top line
of your error message was never \def'ed. If you have
misspelled it (e.g., `\hobx'), type `I' and the correct
spelling (e.g., `I\hbox'). Otherwise just continue,
and I'll forget about whatever was undefined.

! Missing $ inserted.
<inserted text> 
                $
<to be read again> 
                   \par 
l.4 
    
I've inserted a begin-math/end-math symbol since I think
you left one out. Proceed, with fingers crossed.

! Undefined control sequence.
l.5 ...v√Ωkon≈Ø p≈ôi klidn√Ωch podm√≠nk√°ch. \cite
                                                   [Parek2002]
The control sequence at the end of the top line
of your error message was never \def'ed. If you have
misspelled it (e.g., `\hobx'), type `I' and the correct
spelling (e.g., `I\hbox'). Otherwise just continue,
and I'll forget about whatever was undefined.

! Undefined control sequence.
l.7 \midinsert \clabel
                      [RESolution_specifikace] {Specifikace modelu RESolution}
The control sequence at the end of the top line
of your error message was never \def'ed. If you have
misspelled it (e.g., `\hobx'), type `I' and the correct
spelling (e.g., `I\hbox'). Otherwise just continue,
and I'll forget about whatever was undefined.

! Missing $ inserted.
<inserted text> 
                $
<to be read again> 
                   _
l.7 \midinsert \clabel[RESolution_
                                  specifikace] {Specifikace modelu RESolution}
I've inserted a begin-math/end-math symbol since I think
you left one out. Proceed, with fingers crossed.

! Undefined control sequence.
l.8 \ctable
           {ll}{
The control sequence at the end of the top line
of your error message was never \def'ed. If you have
misspelled it (e.g., `\hobx'), type `I' and the correct
spelling (e.g., `I\hbox'). Otherwise just continue,
and I'll forget about whatever was undefined.

! Misplaced alignment tab character &.
l.10 D√©lka (mm)						&
                       	1120		\cr
I can't figure out why you would want to use a tab mark
here. If you just want an ampersand, the remedy is
simple: Just type `I\&' now. But if some right brace
up above has ended a previous alignment prematurely,
you're probably due for more error messages, and you
might try typing `S' now just to see what is salvageable.

! Misplaced \cr.
l.10 D√©lka (mm)						&	1120		\cr
                                 
I can't figure out why you would want to use a tab mark
or \cr or \span just now. If something like a right brace
up above has ended a previous alignment prematurely,
you're probably due for more error messages, and you
might try typing `S' now just to see what is salvageable.

! Misplaced alignment tab character &.
l.11 Rozpƒõt√≠ (mm)					&
                         	1980		\cr
I can't figure out why you would want to use a tab mark
here. If you just want an ampersand, the remedy is
simple: Just type `I\&' now. But if some right brace
up above has ended a previous alignment prematurely,
you're probably due for more error messages, and you
might try typing `S' now just to see what is salvageable.

! Misplaced \cr.
l.11 Rozpƒõt√≠ (mm)					&	1980		\cr
                                   
I can't figure out why you would want to use a tab mark
or \cr or \span just now. If something like a right brace
up above has ended a previous alignment prematurely,
you're probably due for more error messages, and you
might try typing `S' now just to see what is salvageable.

! Misplaced alignment tab character &.
l.12 Profil							&
                   	S 7012		\cr
I can't figure out why you would want to use a tab mark
here. If you just want an ampersand, the remedy is
simple: Just type `I\&' now. But if some right brace
up above has ended a previous alignment prematurely,
you're probably due for more error messages, and you
might try typing `S' now just to see what is salvageable.

! Misplaced \cr.
l.12 Profil							&	S 7012		\cr
                               
I can't figure out why you would want to use a tab mark
or \cr or \span just now. If something like a right brace
up above has ended a previous alignment prematurely,
you're probably due for more error messages, and you
might try typing `S' now just to see what is salvageable.

! Misplaced alignment tab character &.
l.13 V√Ω≈°ka profilu (u ko≈ôene)		&
                                   	17,5 (8 \%)	\cr
I can't figure out why you would want to use a tab mark
here. If you just want an ampersand, the remedy is
simple: Just type `I\&' now. But if some right brace
up above has ended a previous alignment prematurely,
you're probably due for more error messages, and you
might try typing `S' now just to see what is salvageable.

! Misplaced \cr.
l.13 ...°ka profilu (u ko≈ôene)		&	17,5 (8 \%)	\cr
                                                  
I can't figure out why you would want to use a tab mark
or \cr or \span just now. If something like a right brace
up above has ended a previous alignment prematurely,
you're probably due for more error messages, and you
might try typing `S' now just to see what is salvageable.

! Misplaced alignment tab character &.
l.14 Hloubka k≈ô√≠dla - u ko≈ôene (mm)	&
                                        	187			\cr
I can't figure out why you would want to use a tab mark
here. If you just want an ampersand, the remedy is
simple: Just type `I\&' now. But if some right brace
up above has ended a previous alignment prematurely,
you're probably due for more error messages, and you
might try typing `S' now just to see what is salvageable.

! Misplaced \cr.
l.14 Hloubka k≈ô√≠dla - u ko≈ôene (mm)	&	187			\cr
                                                  
I can't figure out why you would want to use a tab mark
or \cr or \span just now. If something like a right brace
up above has ended a previous alignment prematurely,
you're probably due for more error messages, and you
might try typing `S' now just to see what is salvageable.

! Misplaced alignment tab character &.
l.15 ≈†t√≠hlost 						&
                       	11,3		\cr	
I can't figure out why you would want to use a tab mark
here. If you just want an ampersand, the remedy is
simple: Just type `I\&' now. But if some right brace
up above has ended a previous alignment prematurely,
you're probably due for more error messages, and you
might try typing `S' now just to see what is salvageable.

! Misplaced \cr.
l.15 ≈†t√≠hlost 						&	11,3		\cr
                                 	
I can't figure out why you would want to use a tab mark
or \cr or \span just now. If something like a right brace
up above has ended a previous alignment prematurely,
you're probably due for more error messages, and you
might try typing `S' now just to see what is salvageable.

! Missing } inserted.
<inserted text> 
                }
<to be read again> 
                   $
l.16 Plocha k≈ô√≠dla (dm$
                         ^2$)			&	34,8		\cr
I've inserted something that you may have forgotten.
(See the <inserted text> above.)
With luck, this will get me unwedged. But if you
really didn't forget anything, try typing `2' now; then
my insertion and my current dilemma will both disappear.

! Missing $ inserted.
<inserted text> 
                $
<to be read again> 
                   ^
l.16 Plocha k≈ô√≠dla (dm$^
                          2$)			&	34,8		\cr
I've inserted a begin-math/end-math symbol since I think
you left one out. Proceed, with fingers crossed.

! Misplaced alignment tab character &.
l.16 Plocha k≈ô√≠dla (dm$^2$)			&
                                 	34,8		\cr
I can't figure out why you would want to use a tab mark
here. If you just want an ampersand, the remedy is
simple: Just type `I\&' now. But if some right brace
up above has ended a previous alignment prematurely,
you're probably due for more error messages, and you
might try typing `S' now just to see what is salvageable.

! Misplaced \cr.
l.16 Plocha k≈ô√≠dla (dm$^2$)			&	34,8		\cr
                                           
I can't figure out why you would want to use a tab mark
or \cr or \span just now. If something like a right brace
up above has ended a previous alignment prematurely,
you're probably due for more error messages, and you
might try typing `S' now just to see what is salvageable.

! Misplaced alignment tab character &.
l.17 Hmotnost (g) 					&
                        	590			\cr
I can't figure out why you would want to use a tab mark
here. If you just want an ampersand, the remedy is
simple: Just type `I\&' now. But if some right brace
up above has ended a previous alignment prematurely,
you're probably due for more error messages, and you
might try typing `S' now just to see what is salvageable.

! Misplaced \cr.
l.17 Hmotnost (g) 					&	590			\cr
                                  
I can't figure out why you would want to use a tab mark
or \cr or \span just now. If something like a right brace
up above has ended a previous alignment prematurely,
you're probably due for more error messages, and you
might try typing `S' now just to see what is salvageable.

! Misplaced alignment tab character &.
l.18 Plo≈°n√© zat√≠≈æen√≠ (g/dm$^2$)		&
                                       	17			\cr
I can't figure out why you would want to use a tab mark
here. If you just want an ampersand, the remedy is
simple: Just type `I\&' now. But if some right brace
up above has ended a previous alignment prematurely,
you're probably due for more error messages, and you
might try typing `S' now just to see what is salvageable.

! Misplaced \cr.
l.18 Plo≈°n√© zat√≠≈æen√≠ (g/dm$^2$)		&	17			\cr
                                                
I can't figure out why you would want to use a tab mark
or \cr or \span just now. If something like a right brace
up above has ended a previous alignment prematurely,
you're probably due for more error messages, and you
might try typing `S' now just to see what is salvageable.


Overfull \hbox (461.201pt too wide) in paragraph at lines 7--19
[]\tenrm [RESolution$[]\teni pecifikace\tenrm ][][][]$$[]$)|

\hbox(8.3403+2.5)x452.96786
.\hbox(0.0+0.0)x20.0
.\tenrm [
.\tenrm R
.\tenrm E
.\tenrm S
.etc.

! Undefined control sequence.
l.20 \caption
             /t Specifikace modelu RESolution.\cite[Schwartz2014]
The control sequence at the end of the top line
of your error message was never \def'ed. If you have
misspelled it (e.g., `\hobx'), type `I' and the correct
spelling (e.g., `I\hbox'). Otherwise just continue,
and I'll forget about whatever was undefined.

! Undefined control sequence.
l.20 ...tion/t Specifikace modelu RESolution.\cite
                                                  [Schwartz2014]
The control sequence at the end of the top line
of your error message was never \def'ed. If you have
misspelled it (e.g., `\hobx'), type `I' and the correct
spelling (e.g., `I\hbox'). Otherwise just continue,
and I'll forget about whatever was undefined.

! Extra }, or forgotten \endgroup.
\endinsert ->\egroup 
                     \if@mid \dimen@ \ht \z@ \advance \dimen@ \dp \z@ \advan...
l.21 \endinsert
               
I've deleted a group-closing symbol because it seems to be
spurious, as in `$x}$'. But perhaps the } is legitimate and
you forgot something else, as in `\hbox{$x}'. In such cases
the way to recover is to insert both the forgotten and the
deleted material, e.g., by typing `I$}'.

! Undefined control sequence.
l.23 \ref
          [RESolution_specifikace]
The control sequence at the end of the top line
of your error message was never \def'ed. If you have
misspelled it (e.g., `\hobx'), type `I' and the correct
spelling (e.g., `I\hbox'). Otherwise just continue,
and I'll forget about whatever was undefined.

! Missing $ inserted.
<inserted text> 
                $
<to be read again> 
                   _
l.23 \ref [RESolution_
                      specifikace]
I've inserted a begin-math/end-math symbol since I think
you left one out. Proceed, with fingers crossed.

! Missing $ inserted.
<inserted text> 
                $
<to be read again> 
                   \par 
l.24 
     
I've inserted a begin-math/end-math symbol since I think
you left one out. Proceed, with fingers crossed.

)
! Emergency stop.
<*> ./uvod.tex
              
*** (job aborted, no legal \end found)

!  ==> Fatal error occurred, no output PDF file produced!
